<?xml version="1.0" encoding="UTF-8"?>
<!-- Generated by org.testng.reporters.JUnitXMLReporter -->
<testsuite hostname="LAPTOP-6Q09DOQ1" ignored="0" name="Default test" tests="2" failures="0" timestamp="2022-10-04T17:50:42 EDT" time="18.912" errors="0">
  <testcase name="VerifyTestAutomationButton" time="0.273" classname="pages.test.TestAutomationPageTest"/>
  <testcase name="TestAutomationPracticeForm" time="8.381" classname="pages.test.TestAutomationPageTest"/>
</testsuite> <!-- Default test -->
