<?xml version="1.0" encoding="UTF-8"?>
<!-- Generated by org.testng.reporters.JUnitXMLReporter -->
<testsuite hostname="LAPTOP-6Q09DOQ1" ignored="0" name="ItearTestNG" tests="4" failures="0" timestamp="2022-10-25T21:34:28 EDT" time="24.263" errors="0">
  <testcase name="VerifyTestAutomationButton" time="0.658" classname="pages.test.TestAutomationPageTest"/>
  <testcase name="TestAutomationPracticeForm" time="2.135" classname="pages.test.TestAutomationPageTest"/>
  <testcase name="VerifySignUpBtn" time="0.697" classname="pages.test.SignUpPage"/>
  <testcase name="signUpWithValidInfo" time="2.8" classname="pages.test.SignUpPage"/>
</testsuite> <!-- ItearTestNG -->
